<?xml version="1.0" encoding="UTF-8"?>
<!-- Generated by org.testng.reporters.JUnitReportReporter -->
<testsuite hostname="DESKTOP-VRKMISK" failures="0" tests="2" name="Runner.Runner" time="12.939" errors="0" timestamp="2021-09-27T14:09:46 IST" skipped="0">
  <testcase classname="Runner.Runner" name="giftcards" time="9.046"/>
  <system-out/>
  <testcase classname="Runner.Runner" name="bulkorder" time="3.893"/>
  <system-out/>
</testsuite> <!-- Runner.Runner -->
