<?xml version="1.0" encoding="UTF-8"?>
<!-- Generated by org.testng.reporters.JUnitReportReporter -->
<testsuite hostname="DESKTOP-VRKMISK" failures="0" tests="10" name="com.urbanladder.runner.runner" time="116.058" errors="0" timestamp="27 Sep 2021 04:39:29 GMT">
  <testcase classname="com.urbanladder.runner.runner" name="runScenario" time="9.484"/>
  <testcase classname="com.urbanladder.runner.runner" name="runScenario" time="9.451"/>
  <testcase classname="com.urbanladder.runner.runner" name="runScenario" time="13.631"/>
  <testcase classname="com.urbanladder.runner.runner" name="runScenario" time="9.715"/>
  <testcase classname="com.urbanladder.runner.runner" name="runScenario" time="3.158"/>
  <testcase classname="com.urbanladder.runner.runner" name="runScenario" time="34.813"/>
  <testcase classname="com.urbanladder.runner.runner" name="runScenario" time="8.590"/>
  <testcase classname="com.urbanladder.runner.runner" name="runScenario" time="6.798"/>
  <testcase classname="com.urbanladder.runner.runner" name="runScenario" time="11.919"/>
  <testcase classname="com.urbanladder.runner.runner" name="runScenario" time="8.499"/>
</testsuite> <!-- com.urbanladder.runner.runner -->
